  AutoMovement.cpp
  Ball.cpp
C:\Users\Arthr\source\repos\GameEngine\GameEngine\Ball.cpp(53,29): warning C4244: '=': conversion from 'uint64_t' to 'int32_t', possible loss of data
  Enemy.cpp
  Event.cpp
  GameEngine.cpp
C:\Users\Arthr\source\repos\GameEngine\GameEngine\GameEngine.cpp(37,53): warning C4305: 'argument': truncation from 'double' to 'float'
  GameInputHandler.cpp
C:\Users\Arthr\source\repos\GameEngine\GameEngine\GameInputHandler.cpp(51,85): warning C4267: 'initializing': conversion from 'size_t' to 'int', possible loss of data
C:\Users\Arthr\source\repos\GameEngine\GameEngine\GameInputHandler.cpp(51,85): warning C4267: 'initializing': conversion from 'size_t' to 'const int', possible loss of data
  GameObject.cpp
  GameObjectHandler.cpp
  GamePhysics.cpp
  GameRenderer.cpp
C:\Users\Arthr\source\repos\GameEngine\GameEngine\GameRenderer.cpp(4,10): warning C4067: unexpected tokens following preprocessor directive - expected a newline
C:\Users\Arthr\source\repos\GameEngine\GameEngine\GameRenderer.cpp(56,26): warning C4267: 'return': conversion from 'size_t' to 'int', possible loss of data
  MovementComponent.cpp
  Observer.cpp
  PhysicsComponent.cpp
  Player.cpp
C:\Users\Arthr\source\repos\GameEngine\GameEngine\Player.cpp(18,29): warning C4305: 'argument': truncation from 'double' to 'float'
  RenderComponent.cpp
  Wall.cpp
  Generating Code...
C:\Users\Arthr\source\repos\GameEngine\GameEngine\GamePhysics.cpp(181): warning C4715: 'GameEngine::GamePhysics::Bisection': not all control paths return a value
  GameEngine.vcxproj -> C:\Users\Arthr\source\repos\GameEngine\x64\Debug\GameEngine.exe
