c:\users\arthr\source\repos\gameengine\gameengine\x64\debug\vc143.pdb
c:\users\arthr\source\repos\gameengine\gameengine\x64\debug\vc143.idb
c:\users\arthr\source\repos\gameengine\gameengine\x64\debug\player.obj
c:\users\arthr\source\repos\gameengine\gameengine\x64\debug\physicsbounce.obj
c:\users\arthr\source\repos\gameengine\gameengine\x64\debug\movementcomponent.obj
c:\users\arthr\source\repos\gameengine\gameengine\x64\debug\gametimestep.obj
c:\users\arthr\source\repos\gameengine\gameengine\x64\debug\gamerenderer.obj
c:\users\arthr\source\repos\gameengine\gameengine\x64\debug\gamephysics.obj
c:\users\arthr\source\repos\gameengine\gameengine\x64\debug\gameobjecthandler.obj
c:\users\arthr\source\repos\gameengine\gameengine\x64\debug\gameobject.obj
c:\users\arthr\source\repos\gameengine\gameengine\x64\debug\gamemovement.obj
c:\users\arthr\source\repos\gameengine\gameengine\x64\debug\gameinputhandler.obj
c:\users\arthr\source\repos\gameengine\gameengine\x64\debug\gameengine.obj
c:\users\arthr\source\repos\gameengine\gameengine\x64\debug\event.obj
c:\users\arthr\source\repos\gameengine\gameengine\x64\debug\enemy.obj
c:\users\arthr\source\repos\gameengine\gameengine\x64\debug\dispatcher.obj
c:\users\arthr\source\repos\gameengine\gameengine\x64\debug\component.obj
c:\users\arthr\source\repos\gameengine\gameengine\x64\debug\circlecomponent.obj
c:\users\arthr\source\repos\gameengine\gameengine\x64\debug\boxcomponent.obj
c:\users\arthr\source\repos\gameengine\gameengine\x64\debug\ball.obj
c:\users\arthr\source\repos\gameengine\gameengine\x64\debug\automovement.obj
c:\users\arthr\source\repos\gameengine\gameengine\x64\debug\wall.obj
c:\users\arthr\source\repos\gameengine\gameengine\x64\debug\uuid.obj
c:\users\arthr\source\repos\gameengine\gameengine\x64\debug\trianglecomponent.obj
c:\users\arthr\source\repos\gameengine\gameengine\x64\debug\stackallocator.obj
c:\users\arthr\source\repos\gameengine\gameengine\x64\debug\shape.obj
c:\users\arthr\source\repos\gameengine\gameengine\x64\debug\rendercomponent.obj
c:\users\arthr\source\repos\gameengine\gameengine\x64\debug\physicscomponent.obj
c:\users\arthr\source\repos\gameengine\gameengine\x64\debug\allocator.obj
c:\users\arthr\source\repos\gameengine\gameengine\x64\debug\stkallocator.obj
c:\users\arthr\source\repos\gameengine\gameengine\x64\debug\handler.obj
c:\users\arthr\source\repos\gameengine\gameengine\x64\debug\observer.obj
c:\users\arthr\source\repos\gameengine\x64\debug\gameengine.exe
c:\users\arthr\source\repos\gameengine\gameengine\x64\debug\gameengine.ilk
c:\users\arthr\source\repos\gameengine\x64\debug\gameengine.pdb
c:\users\arthr\source\repos\gameengine\gameengine\x64\debug\gameengine.res
c:\users\arthr\source\repos\gameengine\gameengine\x64\debug\gamephysics.obj.enc
c:\users\arthr\source\repos\gameengine\gameengine\x64\debug\automovement.nativecodeanalysis.xml
c:\users\arthr\source\repos\gameengine\gameengine\x64\debug\ball.nativecodeanalysis.xml
c:\users\arthr\source\repos\gameengine\gameengine\x64\debug\boxcomponent.nativecodeanalysis.xml
c:\users\arthr\source\repos\gameengine\gameengine\x64\debug\circlecomponent.nativecodeanalysis.xml
c:\users\arthr\source\repos\gameengine\gameengine\x64\debug\component.nativecodeanalysis.xml
c:\users\arthr\source\repos\gameengine\gameengine\x64\debug\dispatcher.nativecodeanalysis.xml
c:\users\arthr\source\repos\gameengine\gameengine\x64\debug\enemy.nativecodeanalysis.xml
c:\users\arthr\source\repos\gameengine\gameengine\x64\debug\event.nativecodeanalysis.xml
c:\users\arthr\source\repos\gameengine\gameengine\x64\debug\gameengine.nativecodeanalysis.xml
c:\users\arthr\source\repos\gameengine\gameengine\x64\debug\gameinputhandler.nativecodeanalysis.xml
c:\users\arthr\source\repos\gameengine\gameengine\x64\debug\gamemovement.nativecodeanalysis.xml
c:\users\arthr\source\repos\gameengine\gameengine\x64\debug\gameobject.nativecodeanalysis.xml
c:\users\arthr\source\repos\gameengine\gameengine\x64\debug\gameobjecthandler.nativecodeanalysis.xml
c:\users\arthr\source\repos\gameengine\gameengine\x64\debug\gamephysics.nativecodeanalysis.xml
c:\users\arthr\source\repos\gameengine\gameengine\x64\debug\gamerenderer.nativecodeanalysis.xml
c:\users\arthr\source\repos\gameengine\gameengine\x64\debug\gametimestep.nativecodeanalysis.xml
c:\users\arthr\source\repos\gameengine\gameengine\x64\debug\movementcomponent.nativecodeanalysis.xml
c:\users\arthr\source\repos\gameengine\gameengine\x64\debug\physicsbounce.nativecodeanalysis.xml
c:\users\arthr\source\repos\gameengine\gameengine\x64\debug\physicscomponent.nativecodeanalysis.xml
c:\users\arthr\source\repos\gameengine\gameengine\x64\debug\player.nativecodeanalysis.xml
c:\users\arthr\source\repos\gameengine\gameengine\x64\debug\rendercomponent.nativecodeanalysis.xml
c:\users\arthr\source\repos\gameengine\gameengine\x64\debug\shape.nativecodeanalysis.xml
c:\users\arthr\source\repos\gameengine\gameengine\x64\debug\stackallocator.nativecodeanalysis.xml
c:\users\arthr\source\repos\gameengine\gameengine\x64\debug\trianglecomponent.nativecodeanalysis.xml
c:\users\arthr\source\repos\gameengine\gameengine\x64\debug\uuid.nativecodeanalysis.xml
c:\users\arthr\source\repos\gameengine\gameengine\x64\debug\vc.nativecodeanalysis.all.xml
c:\users\arthr\source\repos\gameengine\gameengine\x64\debug\wall.nativecodeanalysis.xml
c:\users\arthr\source\repos\gameengine\gameengine\x64\debug\gameengine.tlog\cl.command.1.tlog
c:\users\arthr\source\repos\gameengine\gameengine\x64\debug\gameengine.tlog\cl.read.1.tlog
c:\users\arthr\source\repos\gameengine\gameengine\x64\debug\gameengine.tlog\cl.write.1.tlog
c:\users\arthr\source\repos\gameengine\gameengine\x64\debug\gameengine.tlog\link.command.1.tlog
c:\users\arthr\source\repos\gameengine\gameengine\x64\debug\gameengine.tlog\link.read.1.tlog
c:\users\arthr\source\repos\gameengine\gameengine\x64\debug\gameengine.tlog\link.write.1.tlog
c:\users\arthr\source\repos\gameengine\gameengine\x64\debug\gameengine.tlog\rc.command.1.tlog
c:\users\arthr\source\repos\gameengine\gameengine\x64\debug\gameengine.tlog\rc.read.1.tlog
c:\users\arthr\source\repos\gameengine\gameengine\x64\debug\gameengine.tlog\rc.write.1.tlog
